* VOCABULARY{fart}* VOCAB DEFINITION{prdět}* VOCAB EXAMPLE SENTENCE{I have farted in front of my mom.}
* VOCABULARY{fart}* VOCAB DEFINITION{prdět}* VOCAB EXAMPLE SENTENCE{I have farted in front of my mom.}



* VOCABULARY{fart}* VOCAB DEFINITION{prdět}* VOCAB EXAMPLE SENTENCE{I have farted in front of my mom.}
* VOCABULARY{fart}* VOCAB DEFINITION{prdět}* VOCAB EXAMPLE SENTENCE{I have farted in front of my mom.}
* VOCABULARY{fart}* VOCAB DEFINITION{prdět}* VOCAB EXAMPLE SENTENCE{I have farted in front of my mom.}
* VOCABULARY{fart}* VOCAB DEFINITION{prdět}* VOCAB EXAMPLE SENTENCE{I have farted in front of my mom.}
* VOCABULARY{fart}* VOCAB DEFINITION{prdět}* VOCAB EXAMPLE SENTENCE{I have farted in front of my mom.}
* VOCABULARY{fart}* VOCAB DEFINITION{prdět}* VOCAB EXAMPLE SENTENCE{I have farted in front of my mom.}
* VOCABULARY{fart}* VOCAB DEFINITION{prdět}* VOCAB EXAMPLE SENTENCE{I have farted in front of my mom.}
* VOCABULARY{fart}* VOCAB DEFINITION{prdět}* VOCAB EXAMPLE SENTENCE{I have farted in front of my mom.}
* VOCABULARY{fart}* VOCAB DEFINITION{prdět}* VOCAB EXAMPLE SENTENCE{I have farted in front of my mom.}
* VOCABULARY{fart}* VOCAB DEFINITION{prdět}* VOCAB EXAMPLE SENTENCE{I have farted in front of my mom.}
* VOCABULARY{fart}* VOCAB DEFINITION{prdět}* VOCAB EXAMPLE SENTENCE{I have farted in front of my mom.}
* VOCABULARY{fart}* VOCAB DEFINITION{prdět}* VOCAB EXAMPLE SENTENCE{I have farted in front of my mom.}
* VOCABULARY{fart}* VOCAB DEFINITION{prdět}* VOCAB EXAMPLE SENTENCE{I have farted in front of my mom.}
* VOCABULARY{fart}* VOCAB DEFINITION{prdět}* VOCAB EXAMPLE SENTENCE{I have farted in front of my mom.}
* VOCABULARY{fart}* VOCAB DEFINITION{prdět}* VOCAB EXAMPLE SENTENCE{I have farted in front of my mom.}
* VOCABULARY{fart}* VOCAB DEFINITION{prdět}* VOCAB EXAMPLE SENTENCE{I have farted in front of my mom.}
* VOCABULARY{fart}* VOCAB DEFINITION{prdět}* VOCAB EXAMPLE SENTENCE{I have farted in front of my mom.}
* VOCABULARY{fart}* VOCAB DEFINITION{prdět}* VOCAB EXAMPLE SENTENCE{I have farted in front of my mom.}
* VOCABULARY{fart}* VOCAB DEFINITION{prdět}* VOCAB EXAMPLE SENTENCE{I have farted in front of my mom.}
* VOCABULARY{fart}* VOCAB DEFINITION{prdět}* VOCAB EXAMPLE SENTENCE{I have farted in front of my mom.}
* VOCABULARY{fart}* VOCAB DEFINITION{prdět}* VOCAB EXAMPLE SENTENCE{I have farted in front of my mom.}
* VOCABULARY{fart}* VOCAB DEFINITION{prdět}* VOCAB EXAMPLE SENTENCE{I have farted in front of my mom.}
* VOCABULARY{fart}* VOCAB DEFINITION{prdět}* VOCAB EXAMPLE SENTENCE{I have farted in front of my mom.}
* VOCABULARY{fart}* VOCAB DEFINITION{prdět}* VOCAB EXAMPLE SENTENCE{I have farted in front of my mom.}
* VOCABULARY{fart}* VOCAB DEFINITION{prdět}* VOCAB EXAMPLE SENTENCE{I have farted in front of my mom.}
* VOCABULARY{fart}* VOCAB DEFINITION{prdět}* VOCAB EXAMPLE SENTENCE{I have farted in front of my mom.}
* VOCABULARY{fart}* VOCAB DEFINITION{prdět}* VOCAB EXAMPLE SENTENCE{I have farted in front of my mom.}
* VOCABULARY{fart}* VOCAB DEFINITION{prdět}* VOCAB EXAMPLE SENTENCE{I have farted in front of my mom.}
* VOCABULARY{fart}* VOCAB DEFINITION{prdět}* VOCAB EXAMPLE SENTENCE{I have farted in front of my mom.}
* VOCABULARY{fart}* VOCAB DEFINITION{prdět}* VOCAB EXAMPLE SENTENCE{I have farted in front of my mom.}
* VOCABULARY{fart}* VOCAB DEFINITION{prdět}* VOCAB EXAMPLE SENTENCE{I have farted in front of my mom.}
* VOCABULARY{fart}* VOCAB DEFINITION{prdět}* VOCAB EXAMPLE SENTENCE{I have farted in front of my mom.}
* VOCABULARY{fart}* VOCAB DEFINITION{prdět}* VOCAB EXAMPLE SENTENCE{I have farted in front of my mom.}
* VOCABULARY{fart}* VOCAB DEFINITION{prdět}* VOCAB EXAMPLE SENTENCE{I have farted in front of my mom.}
* VOCABULARY{fart}* VOCAB DEFINITION{prdět}* VOCAB EXAMPLE SENTENCE{I have farted in front of my mom.}
* VOCABULARY{fart}* VOCAB DEFINITION{prdět}* VOCAB EXAMPLE SENTENCE{I have farted in front of my mom.}
* VOCABULARY{fart}* VOCAB DEFINITION{prdět}* VOCAB EXAMPLE SENTENCE{I have farted in front of my mom.}
* VOCABULARY{fart}* VOCAB DEFINITION{prdět}* VOCAB EXAMPLE SENTENCE{I have farted in front of my mom.}
* VOCABULARY{fart}* VOCAB DEFINITION{prdět}* VOCAB EXAMPLE SENTENCE{I have farted in front of my mom.}
* VOCABULARY{fart}* VOCAB DEFINITION{prdět}* VOCAB EXAMPLE SENTENCE{I have farted in front of my mom.}
* VOCABULARY{fart}* VOCAB DEFINITION{prdět}* VOCAB EXAMPLE SENTENCE{I have farted in front of my mom.}
* VOCABULARY{fart}* VOCAB DEFINITION{prdět}* VOCAB EXAMPLE SENTENCE{I have farted in front of my mom.}
* VOCABULARY{fart}* VOCAB DEFINITION{prdět}* VOCAB EXAMPLE SENTENCE{I have farted in front of my mom.}
* VOCABULARY{fart}* VOCAB DEFINITION{prdět}* VOCAB EXAMPLE SENTENCE{I have farted in front of my mom.}
* VOCABULARY{fart}* VOCAB DEFINITION{prdět}* VOCAB EXAMPLE SENTENCE{I have farted in front of my mom.}
* VOCABULARY{fart}* VOCAB DEFINITION{prdět}* VOCAB EXAMPLE SENTENCE{I have farted in front of my mom.}Sun May 24 06:23:58 2020
* VOCABULARY{fart}* VOCAB DEFINITION{prdět}* VOCAB EXAMPLE SENTENCE{I have farted in front of my mom.}Sun May 24 06:23:59 2020
* VOCABULARY{fart}* VOCAB DEFINITION{prdět}* VOCAB EXAMPLE SENTENCE{I have farted in front of my mom.}Sun May 24 06:24:00 2020
* VOCABULARY{fart}* VOCAB DEFINITION{prdět}* VOCAB EXAMPLE SENTENCE{I have farted in front of my mom.}Sun May 24 06:24:00 2020
* DateSun May 24 07:03:10 2020
* DateSun May 24 07:03:15 2020
* DateSun May 24 07:03:34 2020
* VOCABULARY{fart}* VOCAB DEFINITION{prdět}* VOCAB EXAMPLE SENTENCE{I have farted in front of my mom.}* DateSun May 24 07:03:38 2020
* VOCABULARY{fart}* VOCAB DEFINITION{prdět}* VOCAB EXAMPLE SENTENCE{I have farted in front of my mom.}* DateSun May 24 07:03:43 2020
* DateSun May 24 07:03:58 2020
* Date Sun May 24 07:04:03 2020
* Date Sun May 24 07:04:03 2020
* Date Sun May 24 07:04:06 2020
* Date Sun May 24 07:04:07 2020
* VOCABULARY{fart}* VOCAB DEFINITION{prdět}* VOCAB EXAMPLE SENTENCE{I have farted in front of my mom.}* Date Sun May 24 07:04:09 2020
* Date Sun May 24 07:04:11 2020
* Date Sun May 24 07:04:12 2020
* Date Sun May 24 07:04:12 2020
* Date Sun May 24 07:04:41 2020
* VOCABULARY{fart}* VOCAB DEFINITION{prdět}* VOCAB EXAMPLE SENTENCE{I have farted in front of my mom.}* Date Sun May 24 07:20:43 2020
* VOCABULARY{fart}* VOCAB DEFINITION{prdět}* VOCAB EXAMPLE SENTENCE{I have farted in front of my mom.}* Date Sun May 24 07:25:06 2020
* VOCABULARY{fart}* VOCAB DEFINITION{prdět}* VOCAB EXAMPLE SENTENCE{I have farted in front of my mom.}* Date Sun May 24 07:25:06 2020
* VOCABULARY{fart}* VOCAB DEFINITION{prdět}* VOCAB EXAMPLE SENTENCE{I have farted in front of my mom.}* Date Sun May 24 07:25:06 2020
* VOCABULARY{fart}* VOCAB DEFINITION{prdět}* VOCAB EXAMPLE SENTENCE{I have farted in front of my mom.}* Date Sun May 24 07:25:06 2020
* VOCABULARY{fart}* VOCAB DEFINITION{prdět}* VOCAB EXAMPLE SENTENCE{I have farted in front of my mom.}* Date Sun May 24 07:25:06 2020
* VOCABULARY{fart}* VOCAB DEFINITION{prdět}* VOCAB EXAMPLE SENTENCE{I have farted in front of my mom.}* Date Sun May 24 07:25:06 2020
* VOCABULARY{fart}* VOCAB DEFINITION{prdět}* VOCAB EXAMPLE SENTENCE{I have farted in front of my mom.}* Date Sun May 24 07:25:06 2020
* VOCABULARY{fart}* VOCAB DEFINITION{prdět}* VOCAB EXAMPLE SENTENCE{I have farted in front of my mom.}* Date Sun May 24 07:25:06 2020
* VOCABULARY{fart}* VOCAB DEFINITION{prdět}* VOCAB EXAMPLE SENTENCE{I have farted in front of my mom.}* Date Sun May 24 07:25:06 2020
* VOCABULARY{fart}* VOCAB DEFINITION{prdět}* VOCAB EXAMPLE SENTENCE{I have farted in front of my mom.}* Date Sun May 24 07:25:07 2020
* VOCABULARY{fart}* VOCAB DEFINITION{prdět}* VOCAB EXAMPLE SENTENCE{I have farted in front of my mom.}* Date Sun May 24 07:25:07 2020
* VOCABULARY{fart}* VOCAB DEFINITION{prdět}* VOCAB EXAMPLE SENTENCE{I have farted in front of my mom.}* Date Sun May 24 07:25:07 2020
* VOCABULARY{fart}* VOCAB DEFINITION{prdět}* VOCAB EXAMPLE SENTENCE{I have farted in front of my mom.}* Date Sun May 24 07:25:07 2020
* VOCABULARY{fart}* VOCAB DEFINITION{prdět}* VOCAB EXAMPLE SENTENCE{I have farted in front of my mom.}* Date Sun May 24 07:44:45 20200
* VOCABULARY{fart}* VOCAB DEFINITION{prdět}* VOCAB EXAMPLE SENTENCE{I have farted in front of my mom.}* Date Sun May 24 07:44:57 20200
* VOCABULARY{fart}* VOCAB DEFINITION{prdět}* VOCAB EXAMPLE SENTENCE{I have farted in front of my mom.}* Date Sun May 24 07:46:19 2020Jakub Šulta
* VOCABULARY{fart}* VOCAB DEFINITION{prdět}* VOCAB EXAMPLE SENTENCE{I have farted in front of my mom.}* Date Sun May 24 07:46:20 2020Jakub Šulta
* VOCABULARY{fart}* VOCAB DEFINITION{prdět}* VOCAB EXAMPLE SENTENCE{I have farted in front of my mom.}* Date Sun May 24 07:46:21 2020Jakub Šulta
* VOCABULARY{fart}* VOCAB DEFINITION{prdět}* VOCAB EXAMPLE SENTENCE{I have farted in front of my mom.}* Date Sun May 24 07:46:21 2020Jakub Šulta
* VOCABULARY{fart}* VOCAB DEFINITION{prdět}* VOCAB EXAMPLE SENTENCE{I have farted in front of my mom.}* Date Sun May 24 07:46:21 2020Jakub Šulta
* VOCABULARY{fart}* VOCAB DEFINITION{prdět}* VOCAB EXAMPLE SENTENCE{I have farted in front of my mom.}* Date Sun May 24 07:46:21 2020Jakub Šulta
* VOCABULARY{fart}* VOCAB DEFINITION{prdět}* VOCAB EXAMPLE SENTENCE{I have farted in front of my mom.}* Date Sun May 24 07:46:21 2020Jakub Šulta
* VOCABULARY{fart}* VOCAB DEFINITION{prdět}* VOCAB EXAMPLE SENTENCE{I have farted in front of my mom.}* Date Sun May 24 07:46:22 2020Jakub Šulta
* VOCABULARY{fart}* VOCAB DEFINITION{prdět}* VOCAB EXAMPLE SENTENCE{I have farted in front of my mom.}* Date Sun May 24 07:46:22 2020Jakub Šulta
* VOCABULARY{fart}* VOCAB DEFINITION{prdět}* VOCAB EXAMPLE SENTENCE{I have farted in front of my mom.}* Date Sun May 24 07:46:22 2020Jakub Šulta
* VOCABULARY{fart}* VOCAB DEFINITION{prdět}* VOCAB EXAMPLE SENTENCE{I have farted in front of my mom.}* Date Sun May 24 07:46:22 2020Jakub Šulta
* VOCABULARY{fart}* VOCAB DEFINITION{prdět}* VOCAB EXAMPLE SENTENCE{I have farted in front of my mom.}* Date Sun May 24 07:46:22 2020Jakub Šulta
* VOCABULARY{fart}* VOCAB DEFINITION{prdět}* VOCAB EXAMPLE SENTENCE{I have farted in front of my mom.}* Date Sun May 24 07:46:22 2020Jakub Šulta
* VOCABULARY{fart}* VOCAB DEFINITION{prdět}* VOCAB EXAMPLE SENTENCE{I have farted in front of my mom.}* Date Sun May 24 07:46:23 2020Jakub Šulta
* VOCABULARY{fart}* VOCAB DEFINITION{prdět}* VOCAB EXAMPLE SENTENCE{I have farted in front of my mom.}* Date Sun May 24 07:46:23 2020Jakub Šulta
* Date Sun May 24 17:40:47 2020tem-wide defaults are set in $VIMRUNTIME/debian.vim and sourced by
* Date Sun May 24 18:18:25 2020txt*	For Vim version 8.0.  Last change: 2017 Dec 21
